DEBUG    POST url:  http://localhost:7474/db/data/index/node  
DEBUG    POST body: {"config": {"type": "exact", "provider": "lucene"}, "name": "vertex"} 
DEBUG    POST url:  http://localhost:7474/db/data/index/relationship  
DEBUG    POST body: {"config": {"type": "exact", "provider": "lucene"}, "name": "edge"} 
DEBUG    POST url:  http://localhost:7474/db/data/index/node  
DEBUG    POST body: {"config": {"type": "exact", "provider": "lucene"}, "name": "Location"} 
DEBUG    POST url:  http://localhost:7474/db/data/index/node  
DEBUG    POST body: {"config": {"type": "exact", "provider": "lucene"}, "name": "AnnotNode"} 
DEBUG    POST url:  http://localhost:7474/db/data/index/node  
DEBUG    POST body: {"config": {"type": "exact", "provider": "lucene"}, "name": "Originating_Organism"} 
DEBUG    POST url:  http://localhost:7474/db/data/index/node  
DEBUG    POST body: {"config": {"type": "exact", "provider": "lucene"}, "name": "DNA"} 
DEBUG    POST url:  http://localhost:7474/db/data/index/node  
DEBUG    POST body: {"config": {"type": "exact", "provider": "lucene"}, "name": "RNA"} 
DEBUG    POST url:  http://localhost:7474/db/data/index/node  
DEBUG    POST body: {"config": {"type": "exact", "provider": "lucene"}, "name": "Protein"} 
DEBUG    POST url:  http://localhost:7474/db/data/index/node  
DEBUG    POST body: {"config": {"type": "exact", "provider": "lucene"}, "name": "Small_Molecule"} 
DEBUG    POST url:  http://localhost:7474/db/data/index/node  
DEBUG    POST body: {"config": {"type": "exact", "provider": "lucene"}, "name": "PhysicalEntity"} 
DEBUG    POST url:  http://localhost:7474/db/data/index/node  
DEBUG    POST body: {"config": {"type": "exact", "provider": "lucene"}, "name": "Complex"} 
DEBUG    POST url:  http://localhost:7474/db/data/index/node  
DEBUG    POST body: {"config": {"type": "exact", "provider": "lucene"}, "name": "Instance"} 
DEBUG    POST url:  http://localhost:7474/db/data/index/node  
DEBUG    POST body: {"config": {"type": "exact", "provider": "lucene"}, "name": "Modification_Feature"} 
DEBUG    POST url:  http://localhost:7474/db/data/index/node  
DEBUG    POST body: {"config": {"type": "exact", "provider": "lucene"}, "name": "DNA Collection"} 
DEBUG    POST url:  http://localhost:7474/db/data/index/node  
DEBUG    POST body: {"config": {"type": "exact", "provider": "lucene"}, "name": "RNA_Collection"} 
DEBUG    POST url:  http://localhost:7474/db/data/index/node  
DEBUG    POST body: {"config": {"type": "exact", "provider": "lucene"}, "name": "Protein_Collection"} 
DEBUG    POST url:  http://localhost:7474/db/data/index/node  
DEBUG    POST body: {"config": {"type": "exact", "provider": "lucene"}, "name": "Small_Molecule_Collection"} 
DEBUG    POST url:  http://localhost:7474/db/data/index/node  
DEBUG    POST body: {"config": {"type": "exact", "provider": "lucene"}, "name": "PhysicalEntity_Collection"} 
DEBUG    POST url:  http://localhost:7474/db/data/index/node  
DEBUG    POST body: {"config": {"type": "exact", "provider": "lucene"}, "name": "Complex_Collection"} 
DEBUG    POST url:  http://localhost:7474/db/data/index/node  
DEBUG    POST body: {"config": {"type": "exact", "provider": "lucene"}, "name": "TemplateReaction"} 
DEBUG    POST url:  http://localhost:7474/db/data/index/node  
DEBUG    POST body: {"config": {"type": "exact", "provider": "lucene"}, "name": "Degradation"} 
DEBUG    POST url:  http://localhost:7474/db/data/index/node  
DEBUG    POST body: {"config": {"type": "exact", "provider": "lucene"}, "name": "Biochemical_Reaction"} 
DEBUG    POST url:  http://localhost:7474/db/data/index/relationship  
DEBUG    POST body: {"config": {"type": "exact", "provider": "lucene"}, "name": "is_localized"} 
DEBUG    POST url:  http://localhost:7474/db/data/index/relationship  
DEBUG    POST body: {"config": {"type": "exact", "provider": "lucene"}, "name": "is_annotated"} 
DEBUG    POST url:  http://localhost:7474/db/data/index/relationship  
DEBUG    POST body: {"config": {"type": "exact", "provider": "lucene"}, "name": "is_originating_in_organism"} 
DEBUG    POST url:  http://localhost:7474/db/data/index/relationship  
DEBUG    POST body: {"config": {"type": "exact", "provider": "lucene"}, "name": "is_part_of_complex"} 
DEBUG    POST url:  http://localhost:7474/db/data/index/relationship  
DEBUG    POST body: {"config": {"type": "exact", "provider": "lucene"}, "name": "is_modified_to "} 
DEBUG    POST url:  http://localhost:7474/db/data/index/relationship  
DEBUG    POST body: {"config": {"type": "exact", "provider": "lucene"}, "name": "is_able_to_modify"} 
DEBUG    POST url:  http://localhost:7474/db/data/index/relationship  
DEBUG    POST body: {"config": {"type": "exact", "provider": "lucene"}, "name": "is_part_of_collection"} 
DEBUG    POST url:  http://localhost:7474/db/data/index/relationship  
DEBUG    POST body: {"config": {"type": "exact", "provider": "lucene"}, "name": "is_Catalysant"} 
DEBUG    POST url:  http://localhost:7474/db/data/index/relationship  
DEBUG    POST body: {"config": {"type": "exact", "provider": "lucene"}, "name": "is_Regulant"} 
DEBUG    POST url:  http://localhost:7474/db/data/index/relationship  
DEBUG    POST body: {"config": {"type": "exact", "provider": "lucene"}, "name": "is_reaction_particpant"} 
DEBUG    GET url:  http://localhost:7474/db/data/index/node/Protein/displayName/GABRR1  
DEBUG    GET body: None 
DEBUG    GET url:  http://localhost:7474/db/data/index/node/Protein/displayName/GABRR1  
DEBUG    GET body: None 
DEBUG    GET url:  http://localhost:7474/db/data/index/node/Protein/displayName/GABRR1  
DEBUG    GET body: None 
DEBUG    GET url:  http://localhost:7474/db/data/index/node/Protein/element_type/Protein  
DEBUG    GET body: None 
DEBUG    GET url:  http://localhost:7474/db/data/index/node/Protein/element_type/Protein  
DEBUG    GET body: None 
DEBUG    GET url:  http://localhost:7474/db/data/index/node/Protein/element_type/Protein  
DEBUG    GET body: None 
DEBUG    GET url:  http://localhost:7474/db/data/index/node/Protein/element_type/Protein  
DEBUG    GET body: None 
DEBUG    GET url:  http://localhost:7474/db/data/index/node/Protein/element_type/Protein  
DEBUG    GET body: None 
